[2024-03-12 09:25:05] local.ERROR: SQLSTATE[23000]: Integrity constraint violation: 1451 Cannot delete or update a parent row: a foreign key constraint fails (Connection: mysql, SQL: drop table if exists `subjects`) {"exception":"[object] (Illuminate\\Database\\QueryException(code: 23000): SQLSTATE[23000]: Integrity constraint violation: 1451 Cannot delete or update a parent row: a foreign key constraint fails (Connection: mysql, SQL: drop table if exists `subjects`) at /var/www/html/school-system/vendor/laravel/framework/src/Illuminate/Database/Connection.php:822)
[stacktrace]
#0 /var/www/html/school-system/vendor/laravel/framework/src/Illuminate/Database/Connection.php(776): Illuminate\\Database\\Connection->runQueryCallback()
#1 /var/www/html/school-system/vendor/laravel/framework/src/Illuminate/Database/Connection.php(581): Illuminate\\Database\\Connection->run()
#2 /var/www/html/school-system/vendor/laravel/framework/src/Illuminate/Database/Schema/Blueprint.php(110): Illuminate\\Database\\Connection->statement()
#3 /var/www/html/school-system/vendor/laravel/framework/src/Illuminate/Database/Schema/Builder.php(555): Illuminate\\Database\\Schema\\Blueprint->build()
#4 /var/www/html/school-system/vendor/laravel/framework/src/Illuminate/Database/Schema/Builder.php(439): Illuminate\\Database\\Schema\\Builder->build()
#5 /var/www/html/school-system/vendor/laravel/framework/src/Illuminate/Support/Facades/Facade.php(355): Illuminate\\Database\\Schema\\Builder->dropIfExists()
#6 /var/www/html/school-system/database/migrations/2024_03_05_125155_create_subjects_table.php(28): Illuminate\\Support\\Facades\\Facade::__callStatic()
#7 /var/www/html/school-system/vendor/laravel/framework/src/Illuminate/Database/Migrations/Migrator.php(493): Illuminate\\Database\\Migrations\\Migration@anonymous->down()
#8 /var/www/html/school-system/vendor/laravel/framework/src/Illuminate/Database/Migrations/Migrator.php(410): Illuminate\\Database\\Migrations\\Migrator->runMethod()
#9 /var/www/html/school-system/vendor/laravel/framework/src/Illuminate/Database/Migrations/Migrator.php(419): Illuminate\\Database\\Migrations\\Migrator->Illuminate\\Database\\Migrations\\{closure}()
#10 /var/www/html/school-system/vendor/laravel/framework/src/Illuminate/Database/Migrations/Migrator.php(385): Illuminate\\Database\\Migrations\\Migrator->runMigration()
#11 /var/www/html/school-system/vendor/laravel/framework/src/Illuminate/Console/View/Components/Task.php(37): Illuminate\\Database\\Migrations\\Migrator->Illuminate\\Database\\Migrations\\{closure}()
#12 /var/www/html/school-system/vendor/laravel/framework/src/Illuminate/Database/Migrations/Migrator.php(756): Illuminate\\Console\\View\\Components\\Task->render()
#13 /var/www/html/school-system/vendor/laravel/framework/src/Illuminate/Database/Migrations/Migrator.php(385): Illuminate\\Database\\Migrations\\Migrator->write()
#14 /var/www/html/school-system/vendor/laravel/framework/src/Illuminate/Database/Migrations/Migrator.php(306): Illuminate\\Database\\Migrations\\Migrator->runDown()
#15 /var/www/html/school-system/vendor/laravel/framework/src/Illuminate/Database/Migrations/Migrator.php(360): Illuminate\\Database\\Migrations\\Migrator->rollbackMigrations()
#16 /var/www/html/school-system/vendor/laravel/framework/src/Illuminate/Database/Migrations/Migrator.php(335): Illuminate\\Database\\Migrations\\Migrator->resetMigrations()
#17 /var/www/html/school-system/vendor/laravel/framework/src/Illuminate/Database/Console/Migrations/ResetCommand.php(67): Illuminate\\Database\\Migrations\\Migrator->reset()
#18 /var/www/html/school-system/vendor/laravel/framework/src/Illuminate/Database/Migrations/Migrator.php(633): Illuminate\\Database\\Console\\Migrations\\ResetCommand->Illuminate\\Database\\Console\\Migrations\\{closure}()
#19 /var/www/html/school-system/vendor/laravel/framework/src/Illuminate/Database/Console/Migrations/ResetCommand.php(69): Illuminate\\Database\\Migrations\\Migrator->usingConnection()
#20 /var/www/html/school-system/vendor/laravel/framework/src/Illuminate/Container/BoundMethod.php(36): Illuminate\\Database\\Console\\Migrations\\ResetCommand->handle()
#21 /var/www/html/school-system/vendor/laravel/framework/src/Illuminate/Container/Util.php(41): Illuminate\\Container\\BoundMethod::Illuminate\\Container\\{closure}()
#22 /var/www/html/school-system/vendor/laravel/framework/src/Illuminate/Container/BoundMethod.php(93): Illuminate\\Container\\Util::unwrapIfClosure()
#23 /var/www/html/school-system/vendor/laravel/framework/src/Illuminate/Container/BoundMethod.php(37): Illuminate\\Container\\BoundMethod::callBoundMethod()
#24 /var/www/html/school-system/vendor/laravel/framework/src/Illuminate/Container/Container.php(662): Illuminate\\Container\\BoundMethod::call()
#25 /var/www/html/school-system/vendor/laravel/framework/src/Illuminate/Console/Command.php(211): Illuminate\\Container\\Container->call()
#26 /var/www/html/school-system/vendor/symfony/console/Command/Command.php(326): Illuminate\\Console\\Command->execute()
#27 /var/www/html/school-system/vendor/laravel/framework/src/Illuminate/Console/Command.php(181): Symfony\\Component\\Console\\Command\\Command->run()
#28 /var/www/html/school-system/vendor/laravel/framework/src/Illuminate/Console/Concerns/CallsCommands.php(68): Illuminate\\Console\\Command->run()
#29 /var/www/html/school-system/vendor/laravel/framework/src/Illuminate/Console/Concerns/CallsCommands.php(28): Illuminate\\Console\\Command->runCommand()
#30 /var/www/html/school-system/vendor/laravel/framework/src/Illuminate/Database/Console/Migrations/RefreshCommand.php(110): Illuminate\\Console\\Command->call()
#31 /var/www/html/school-system/vendor/laravel/framework/src/Illuminate/Database/Console/Migrations/RefreshCommand.php(55): Illuminate\\Database\\Console\\Migrations\\RefreshCommand->runReset()
#32 /var/www/html/school-system/vendor/laravel/framework/src/Illuminate/Container/BoundMethod.php(36): Illuminate\\Database\\Console\\Migrations\\RefreshCommand->handle()
#33 /var/www/html/school-system/vendor/laravel/framework/src/Illuminate/Container/Util.php(41): Illuminate\\Container\\BoundMethod::Illuminate\\Container\\{closure}()
#34 /var/www/html/school-system/vendor/laravel/framework/src/Illuminate/Container/BoundMethod.php(93): Illuminate\\Container\\Util::unwrapIfClosure()
#35 /var/www/html/school-system/vendor/laravel/framework/src/Illuminate/Container/BoundMethod.php(37): Illuminate\\Container\\BoundMethod::callBoundMethod()
#36 /var/www/html/school-system/vendor/laravel/framework/src/Illuminate/Container/Container.php(662): Illuminate\\Container\\BoundMethod::call()
#37 /var/www/html/school-system/vendor/laravel/framework/src/Illuminate/Console/Command.php(211): Illuminate\\Container\\Container->call()
#38 /var/www/html/school-system/vendor/symfony/console/Command/Command.php(326): Illuminate\\Console\\Command->execute()
#39 /var/www/html/school-system/vendor/laravel/framework/src/Illuminate/Console/Command.php(181): Symfony\\Component\\Console\\Command\\Command->run()
#40 /var/www/html/school-system/vendor/symfony/console/Application.php(1096): Illuminate\\Console\\Command->run()
#41 /var/www/html/school-system/vendor/symfony/console/Application.php(324): Symfony\\Component\\Console\\Application->doRunCommand()
#42 /var/www/html/school-system/vendor/symfony/console/Application.php(175): Symfony\\Component\\Console\\Application->doRun()
#43 /var/www/html/school-system/vendor/laravel/framework/src/Illuminate/Foundation/Console/Kernel.php(201): Symfony\\Component\\Console\\Application->run()
#44 /var/www/html/school-system/artisan(37): Illuminate\\Foundation\\Console\\Kernel->handle()
#45 {main}

[previous exception] [object] (PDOException(code: 23000): SQLSTATE[23000]: Integrity constraint violation: 1451 Cannot delete or update a parent row: a foreign key constraint fails at /var/www/html/school-system/vendor/laravel/framework/src/Illuminate/Database/Connection.php:580)
[stacktrace]
#0 /var/www/html/school-system/vendor/laravel/framework/src/Illuminate/Database/Connection.php(580): PDOStatement->execute()
#1 /var/www/html/school-system/vendor/laravel/framework/src/Illuminate/Database/Connection.php(809): Illuminate\\Database\\Connection->Illuminate\\Database\\{closure}()
#2 /var/www/html/school-system/vendor/laravel/framework/src/Illuminate/Database/Connection.php(776): Illuminate\\Database\\Connection->runQueryCallback()
#3 /var/www/html/school-system/vendor/laravel/framework/src/Illuminate/Database/Connection.php(581): Illuminate\\Database\\Connection->run()
#4 /var/www/html/school-system/vendor/laravel/framework/src/Illuminate/Database/Schema/Blueprint.php(110): Illuminate\\Database\\Connection->statement()
#5 /var/www/html/school-system/vendor/laravel/framework/src/Illuminate/Database/Schema/Builder.php(555): Illuminate\\Database\\Schema\\Blueprint->build()
#6 /var/www/html/school-system/vendor/laravel/framework/src/Illuminate/Database/Schema/Builder.php(439): Illuminate\\Database\\Schema\\Builder->build()
#7 /var/www/html/school-system/vendor/laravel/framework/src/Illuminate/Support/Facades/Facade.php(355): Illuminate\\Database\\Schema\\Builder->dropIfExists()
#8 /var/www/html/school-system/database/migrations/2024_03_05_125155_create_subjects_table.php(28): Illuminate\\Support\\Facades\\Facade::__callStatic()
#9 /var/www/html/school-system/vendor/laravel/framework/src/Illuminate/Database/Migrations/Migrator.php(493): Illuminate\\Database\\Migrations\\Migration@anonymous->down()
#10 /var/www/html/school-system/vendor/laravel/framework/src/Illuminate/Database/Migrations/Migrator.php(410): Illuminate\\Database\\Migrations\\Migrator->runMethod()
#11 /var/www/html/school-system/vendor/laravel/framework/src/Illuminate/Database/Migrations/Migrator.php(419): Illuminate\\Database\\Migrations\\Migrator->Illuminate\\Database\\Migrations\\{closure}()
#12 /var/www/html/school-system/vendor/laravel/framework/src/Illuminate/Database/Migrations/Migrator.php(385): Illuminate\\Database\\Migrations\\Migrator->runMigration()
#13 /var/www/html/school-system/vendor/laravel/framework/src/Illuminate/Console/View/Components/Task.php(37): Illuminate\\Database\\Migrations\\Migrator->Illuminate\\Database\\Migrations\\{closure}()
#14 /var/www/html/school-system/vendor/laravel/framework/src/Illuminate/Database/Migrations/Migrator.php(756): Illuminate\\Console\\View\\Components\\Task->render()
#15 /var/www/html/school-system/vendor/laravel/framework/src/Illuminate/Database/Migrations/Migrator.php(385): Illuminate\\Database\\Migrations\\Migrator->write()
#16 /var/www/html/school-system/vendor/laravel/framework/src/Illuminate/Database/Migrations/Migrator.php(306): Illuminate\\Database\\Migrations\\Migrator->runDown()
#17 /var/www/html/school-system/vendor/laravel/framework/src/Illuminate/Database/Migrations/Migrator.php(360): Illuminate\\Database\\Migrations\\Migrator->rollbackMigrations()
#18 /var/www/html/school-system/vendor/laravel/framework/src/Illuminate/Database/Migrations/Migrator.php(335): Illuminate\\Database\\Migrations\\Migrator->resetMigrations()
#19 /var/www/html/school-system/vendor/laravel/framework/src/Illuminate/Database/Console/Migrations/ResetCommand.php(67): Illuminate\\Database\\Migrations\\Migrator->reset()
#20 /var/www/html/school-system/vendor/laravel/framework/src/Illuminate/Database/Migrations/Migrator.php(633): Illuminate\\Database\\Console\\Migrations\\ResetCommand->Illuminate\\Database\\Console\\Migrations\\{closure}()
#21 /var/www/html/school-system/vendor/laravel/framework/src/Illuminate/Database/Console/Migrations/ResetCommand.php(69): Illuminate\\Database\\Migrations\\Migrator->usingConnection()
#22 /var/www/html/school-system/vendor/laravel/framework/src/Illuminate/Container/BoundMethod.php(36): Illuminate\\Database\\Console\\Migrations\\ResetCommand->handle()
#23 /var/www/html/school-system/vendor/laravel/framework/src/Illuminate/Container/Util.php(41): Illuminate\\Container\\BoundMethod::Illuminate\\Container\\{closure}()
#24 /var/www/html/school-system/vendor/laravel/framework/src/Illuminate/Container/BoundMethod.php(93): Illuminate\\Container\\Util::unwrapIfClosure()
#25 /var/www/html/school-system/vendor/laravel/framework/src/Illuminate/Container/BoundMethod.php(37): Illuminate\\Container\\BoundMethod::callBoundMethod()
#26 /var/www/html/school-system/vendor/laravel/framework/src/Illuminate/Container/Container.php(662): Illuminate\\Container\\BoundMethod::call()
#27 /var/www/html/school-system/vendor/laravel/framework/src/Illuminate/Console/Command.php(211): Illuminate\\Container\\Container->call()
#28 /var/www/html/school-system/vendor/symfony/console/Command/Command.php(326): Illuminate\\Console\\Command->execute()
#29 /var/www/html/school-system/vendor/laravel/framework/src/Illuminate/Console/Command.php(181): Symfony\\Component\\Console\\Command\\Command->run()
#30 /var/www/html/school-system/vendor/laravel/framework/src/Illuminate/Console/Concerns/CallsCommands.php(68): Illuminate\\Console\\Command->run()
#31 /var/www/html/school-system/vendor/laravel/framework/src/Illuminate/Console/Concerns/CallsCommands.php(28): Illuminate\\Console\\Command->runCommand()
#32 /var/www/html/school-system/vendor/laravel/framework/src/Illuminate/Database/Console/Migrations/RefreshCommand.php(110): Illuminate\\Console\\Command->call()
#33 /var/www/html/school-system/vendor/laravel/framework/src/Illuminate/Database/Console/Migrations/RefreshCommand.php(55): Illuminate\\Database\\Console\\Migrations\\RefreshCommand->runReset()
#34 /var/www/html/school-system/vendor/laravel/framework/src/Illuminate/Container/BoundMethod.php(36): Illuminate\\Database\\Console\\Migrations\\RefreshCommand->handle()
#35 /var/www/html/school-system/vendor/laravel/framework/src/Illuminate/Container/Util.php(41): Illuminate\\Container\\BoundMethod::Illuminate\\Container\\{closure}()
#36 /var/www/html/school-system/vendor/laravel/framework/src/Illuminate/Container/BoundMethod.php(93): Illuminate\\Container\\Util::unwrapIfClosure()
#37 /var/www/html/school-system/vendor/laravel/framework/src/Illuminate/Container/BoundMethod.php(37): Illuminate\\Container\\BoundMethod::callBoundMethod()
#38 /var/www/html/school-system/vendor/laravel/framework/src/Illuminate/Container/Container.php(662): Illuminate\\Container\\BoundMethod::call()
#39 /var/www/html/school-system/vendor/laravel/framework/src/Illuminate/Console/Command.php(211): Illuminate\\Container\\Container->call()
#40 /var/www/html/school-system/vendor/symfony/console/Command/Command.php(326): Illuminate\\Console\\Command->execute()
#41 /var/www/html/school-system/vendor/laravel/framework/src/Illuminate/Console/Command.php(181): Symfony\\Component\\Console\\Command\\Command->run()
#42 /var/www/html/school-system/vendor/symfony/console/Application.php(1096): Illuminate\\Console\\Command->run()
#43 /var/www/html/school-system/vendor/symfony/console/Application.php(324): Symfony\\Component\\Console\\Application->doRunCommand()
#44 /var/www/html/school-system/vendor/symfony/console/Application.php(175): Symfony\\Component\\Console\\Application->doRun()
#45 /var/www/html/school-system/vendor/laravel/framework/src/Illuminate/Foundation/Console/Kernel.php(201): Symfony\\Component\\Console\\Application->run()
#46 /var/www/html/school-system/artisan(37): Illuminate\\Foundation\\Console\\Kernel->handle()
#47 {main}
"} 
[2024-03-12 11:09:57] local.INFO: Store Class : System  store Class with id 1 successfully.  
[2024-03-12 11:10:06] local.INFO: Store Class : System  store Class with id 2 successfully.  
[2024-03-12 11:10:16] local.INFO: Update Class : System  Update Class with id 2 successfully.  
[2024-03-12 11:10:37] local.INFO: Store Teacher : System  store Teacher with id 1 successfully.  
[2024-03-12 11:11:00] local.INFO: Store Teacher : System  store Teacher with id 2 successfully.  
[2024-03-12 11:11:07] local.ERROR:  can't Update Teacher : System can't  Update Teacher Undefined variable $teacher  
[2024-03-12 11:12:00] local.ERROR:  can't Update Teacher : System can't  Update Teacher Undefined variable $teacher  
[2024-03-12 11:12:04] local.ERROR:  can't Update Teacher : System can't  Update Teacher Undefined variable $teacher  
[2024-03-12 11:12:17] local.ERROR:  can't Update Teacher : System can't  Update Teacher Undefined variable $teacher  
[2024-03-12 11:14:00] local.INFO: Store Subject : System  store Subject with id 1 successfully.  
[2024-03-12 11:14:12] local.INFO: Store Subject : System  store Subject with id 2 successfully.  
[2024-03-12 11:14:23] local.INFO: Store Subject : System  store Subject with id 3 successfully.  
[2024-03-12 11:14:34] local.INFO: Store Subject : System  store Subject with id 4 successfully.  
[2024-03-12 11:15:00] local.INFO: Update Subject : System  Update Subject with id 3 successfully.  
[2024-03-12 11:17:11] local.ERROR:  can't Update Teacher : System can't  Update Teacher Undefined variable $teacher  
[2024-03-12 11:21:29] local.INFO: Update Teacher : System  Update Teacher with id 1 successfully.  
[2024-03-12 11:21:54] local.INFO: Update Teacher : System  Update Teacher with id 1 successfully.  
